2024-05-17 00:35:50,056 DEBUG 
def chain(*args, **kwargs):
    return 1

2024-05-17 00:35:50,056 DEBUG 
def backend_cleanup():
    return 1

2024-05-17 00:35:50,056 DEBUG 
def xstarmap(task, it):
    return 1

2024-05-17 00:35:50,057 DEBUG 
def chord(self, header, body, partial_args=0, interval=1, countdown=2, max_retries=3, eager=4, **kwargs):
    return 1

2024-05-17 00:35:50,057 DEBUG 
def accumulate(self, *args, **kwargs):
    return 1

2024-05-17 00:35:50,057 DEBUG 
def chunks(task, it, n):
    return 1

2024-05-17 00:35:50,057 DEBUG 
def finalize_data(json_file_path):
    return 1

2024-05-17 00:35:50,057 DEBUG 
def unlock_chord(self, group_id, callback, interval=0, max_retries=1, result=2, Result=3, GroupResult=4, result_from_tuple=5, **kwargs):
    return 1

2024-05-17 00:35:50,057 DEBUG 
def group(self, tasks, result, group_id, partial_args, add_to_parent=0):
    return 1

2024-05-17 00:35:50,058 DEBUG 
def xmap(task, it):
    return 1

2024-05-17 00:44:27,107 DEBUG 
def chain(*args, **kwargs):
    return 1

2024-05-17 00:44:27,108 DEBUG 
def backend_cleanup():
    return 1

2024-05-17 00:44:27,108 DEBUG 
def finalize_data(json_file_path):
    return 1

2024-05-17 00:44:27,108 DEBUG 
def xstarmap(task, it):
    return 1

2024-05-17 00:44:27,108 DEBUG 
def chord(self, header, body, partial_args=0, interval=1, countdown=2, max_retries=3, eager=4, **kwargs):
    return 1

2024-05-17 00:44:27,109 DEBUG 
def accumulate(self, *args, **kwargs):
    return 1

2024-05-17 00:44:27,109 DEBUG 
def chunks(task, it, n):
    return 1

2024-05-17 00:44:27,109 DEBUG 
def unlock_chord(self, group_id, callback, interval=0, max_retries=1, result=2, Result=3, GroupResult=4, result_from_tuple=5, **kwargs):
    return 1

2024-05-17 00:44:27,109 DEBUG 
def group(self, tasks, result, group_id, partial_args, add_to_parent=0):
    return 1

2024-05-17 00:44:27,109 DEBUG 
def xmap(task, it):
    return 1

2024-05-17 00:47:27,656 DEBUG 
def chain(*args, **kwargs):
    return 1

2024-05-17 00:47:27,657 DEBUG 
def backend_cleanup():
    return 1

2024-05-17 00:47:27,657 DEBUG 
def finalize_data(json_file_path):
    return 1

2024-05-17 00:47:27,657 DEBUG 
def xstarmap(task, it):
    return 1

2024-05-17 00:47:27,657 DEBUG 
def chord(self, header, body, partial_args=0, interval=1, countdown=2, max_retries=3, eager=4, **kwargs):
    return 1

2024-05-17 00:47:27,657 DEBUG 
def accumulate(self, *args, **kwargs):
    return 1

2024-05-17 00:47:27,658 DEBUG 
def chunks(task, it, n):
    return 1

2024-05-17 00:47:27,658 DEBUG 
def unlock_chord(self, group_id, callback, interval=0, max_retries=1, result=2, Result=3, GroupResult=4, result_from_tuple=5, **kwargs):
    return 1

2024-05-17 00:47:27,658 DEBUG 
def group(self, tasks, result, group_id, partial_args, add_to_parent=0):
    return 1

2024-05-17 00:47:27,658 DEBUG 
def xmap(task, it):
    return 1

2024-05-17 00:49:51,267 DEBUG 
def chain(*args, **kwargs):
    return 1

2024-05-17 00:49:51,268 DEBUG 
def backend_cleanup():
    return 1

2024-05-17 00:49:51,268 DEBUG 
def finalize_data(json_file_path):
    return 1

2024-05-17 00:49:51,268 DEBUG 
def xstarmap(task, it):
    return 1

2024-05-17 00:49:51,268 DEBUG 
def chord(self, header, body, partial_args=0, interval=1, countdown=2, max_retries=3, eager=4, **kwargs):
    return 1

2024-05-17 00:49:51,268 DEBUG 
def accumulate(self, *args, **kwargs):
    return 1

2024-05-17 00:49:51,269 DEBUG 
def chunks(task, it, n):
    return 1

2024-05-17 00:49:51,269 DEBUG 
def unlock_chord(self, group_id, callback, interval=0, max_retries=1, result=2, Result=3, GroupResult=4, result_from_tuple=5, **kwargs):
    return 1

2024-05-17 00:49:51,269 DEBUG 
def group(self, tasks, result, group_id, partial_args, add_to_parent=0):
    return 1

2024-05-17 00:49:51,269 DEBUG 
def xmap(task, it):
    return 1

2024-05-17 00:50:08,549 DEBUG 
def finalize_data(json_file_path):
    return 1

2024-05-17 01:37:05,035 DEBUG 
def chain(*args, **kwargs):
    return 1

2024-05-17 01:37:05,035 DEBUG 
def backend_cleanup():
    return 1

2024-05-17 01:37:05,035 DEBUG 
def xstarmap(task, it):
    return 1

2024-05-17 01:37:05,035 DEBUG 
def crawl_enterprise(url):
    return 1

2024-05-17 01:37:05,036 DEBUG 
def chord(self, header, body, partial_args=0, interval=1, countdown=2, max_retries=3, eager=4, **kwargs):
    return 1

2024-05-17 01:37:05,036 DEBUG 
def accumulate(self, *args, **kwargs):
    return 1

2024-05-17 01:37:05,036 DEBUG 
def crawl_all_enterprises():
    return 1

2024-05-17 01:37:05,036 DEBUG 
def finalize_data(json_file_path):
    return 1

2024-05-17 01:37:05,036 DEBUG 
def chunks(task, it, n):
    return 1

2024-05-17 01:37:05,036 DEBUG 
def analyze_data(json_file_path):
    return 1

2024-05-17 01:37:05,036 DEBUG 
def unlock_chord(self, group_id, callback, interval=0, max_retries=1, result=2, Result=3, GroupResult=4, result_from_tuple=5, **kwargs):
    return 1

2024-05-17 01:37:05,037 DEBUG 
def group(self, tasks, result, group_id, partial_args, add_to_parent=0):
    return 1

2024-05-17 01:37:05,037 DEBUG 
def xmap(task, it):
    return 1

